# JRE version: Java(TM) SE Runtime Environment (8.0_162-b12) (build 1.8.0_162-b12)
# Java VM: Java HotSpot(TM) 64-Bit Server VM (25.162-b12 mixed mode bsd-amd64 compressed oops)
Heap:
 PSYoungGen      total 699904K, used 45045K [0x000000076ab00000, 0x00000007a0580000, 0x00000007c0000000)
  eden space 654848K, 0% used [0x000000076ab00000,0x000000076ab00000,0x0000000792a80000)
  from space 45056K, 99% used [0x0000000792a80000,0x000000079567d570,0x0000000795680000)
  to   space 56832K, 0% used [0x000000079ce00000,0x000000079ce00000,0x00000007a0580000)
 ParOldGen       total 265728K, used 105045K [0x00000006c0000000, 0x00000006d0380000, 0x000000076ab00000)
  object space 265728K, 39% used [0x00000006c0000000,0x00000006c66954c0,0x00000006d0380000)
 Metaspace       used 160044K, capacity 163705K, committed 163968K, reserved 1198080K
  class space    used 14457K, capacity 15291K, committed 15360K, reserved 1048576K
GC Heap History (10 events):
Event: 50.232 GC heap after
Heap after GC invocations=13 (full 3):
 PSYoungGen      total 581632K, used 19524K [0x000000076ab00000, 0x0000000796200000, 0x00000007c0000000)
  eden space 561664K, 0% used [0x000000076ab00000,0x000000076ab00000,0x000000078cf80000)
  from space 19968K, 97% used [0x0000000794e80000,0x00000007961912b8,0x0000000796200000)
  to   space 27136K, 0% used [0x0000000792d00000,0x0000000792d00000,0x0000000794780000)
 ParOldGen       total 164352K, used 47046K [0x00000006c0000000, 0x00000006ca080000, 0x000000076ab00000)
  object space 164352K, 28% used [0x00000006c0000000,0x00000006c2df1818,0x00000006ca080000)
 Metaspace       used 67400K, capacity 71090K, committed 71256K, reserved 1110016K
  class space    used 9205K, capacity 9821K, committed 9856K, reserved 1048576K
}
Event: 93.147 GC heap before
{Heap before GC invocations=14 (full 3):
 PSYoungGen      total 581632K, used 581188K [0x000000076ab00000, 0x0000000796200000, 0x00000007c0000000)
  eden space 561664K, 100% used [0x000000076ab00000,0x000000078cf80000,0x000000078cf80000)
  from space 19968K, 97% used [0x0000000794e80000,0x00000007961912b8,0x0000000796200000)
  to   space 27136K, 0% used [0x0000000792d00000,0x0000000792d00000,0x0000000794780000)
 ParOldGen       total 164352K, used 47046K [0x00000006c0000000, 0x00000006ca080000, 0x000000076ab00000)
  object space 164352K, 28% used [0x00000006c0000000,0x00000006c2df1818,0x00000006ca080000)
 Metaspace       used 73868K, capacity 77600K, committed 77784K, reserved 1116160K
  class space    used 9803K, capacity 10679K, committed 10752K, reserved 1048576K
Event: 93.160 GC heap after
Heap after GC invocations=14 (full 3):
 PSYoungGen      total 684544K, used 18600K [0x000000076ab00000, 0x0000000797200000, 0x00000007c0000000)
  eden space 657408K, 0% used [0x000000076ab00000,0x000000076ab00000,0x0000000792d00000)
  from space 27136K, 68% used [0x0000000792d00000,0x0000000793f2a388,0x0000000794780000)
  to   space 28160K, 0% used [0x0000000795680000,0x0000000795680000,0x0000000797200000)
 ParOldGen       total 164352K, used 47054K [0x00000006c0000000, 0x00000006ca080000, 0x000000076ab00000)
  object space 164352K, 28% used [0x00000006c0000000,0x00000006c2df3818,0x00000006ca080000)
 Metaspace       used 73868K, capacity 77600K, committed 77784K, reserved 1116160K
  class space    used 9803K, capacity 10679K, committed 10752K, reserved 1048576K
}
Event: 111.841 GC heap before
{Heap before GC invocations=15 (full 3):
 PSYoungGen      total 684544K, used 222854K [0x000000076ab00000, 0x0000000797200000, 0x00000007c0000000)
  eden space 657408K, 31% used [0x000000076ab00000,0x00000007772775e0,0x0000000792d00000)
  from space 27136K, 68% used [0x0000000792d00000,0x0000000793f2a388,0x0000000794780000)
  to   space 28160K, 0% used [0x0000000795680000,0x0000000795680000,0x0000000797200000)
 ParOldGen       total 164352K, used 47054K [0x00000006c0000000, 0x00000006ca080000, 0x000000076ab00000)
  object space 164352K, 28% used [0x00000006c0000000,0x00000006c2df3818,0x00000006ca080000)
 Metaspace       used 94585K, capacity 98221K, committed 98380K, reserved 1136640K
  class space    used 11073K, capacity 11897K, committed 11904K, reserved 1048576K
Event: 111.880 GC heap after
Heap after GC invocations=15 (full 3):
 PSYoungGen      total 683008K, used 28147K [0x000000076ab00000, 0x000000079f180000, 0x00000007c0000000)
  eden space 654848K, 0% used [0x000000076ab00000,0x000000076ab00000,0x0000000792a80000)
  from space 28160K, 99% used [0x0000000795680000,0x00000007971fcf28,0x0000000797200000)
  to   space 45056K, 0% used [0x0000000792a80000,0x0000000792a80000,0x0000000795680000)
 ParOldGen       total 164352K, used 82475K [0x00000006c0000000, 0x00000006ca080000, 0x000000076ab00000)
  object space 164352K, 50% used [0x00000006c0000000,0x00000006c508ae18,0x00000006ca080000)
 Metaspace       used 94585K, capacity 98221K, committed 98380K, reserved 1136640K
  class space    used 11073K, capacity 11897K, committed 11904K, reserved 1048576K
}
Event: 111.880 GC heap before
{Heap before GC invocations=16 (full 4):
 PSYoungGen      total 683008K, used 28147K [0x000000076ab00000, 0x000000079f180000, 0x00000007c0000000)
  eden space 654848K, 0% used [0x000000076ab00000,0x000000076ab00000,0x0000000792a80000)
  from space 28160K, 99% used [0x0000000795680000,0x00000007971fcf28,0x0000000797200000)
  to   space 45056K, 0% used [0x0000000792a80000,0x0000000792a80000,0x0000000795680000)
 ParOldGen       total 164352K, used 82475K [0x00000006c0000000, 0x00000006ca080000, 0x000000076ab00000)
  object space 164352K, 50% used [0x00000006c0000000,0x00000006c508ae18,0x00000006ca080000)
 Metaspace       used 94585K, capacity 98221K, committed 98380K, reserved 1136640K
  class space    used 11073K, capacity 11897K, committed 11904K, reserved 1048576K
Event: 112.019 GC heap after
Heap after GC invocations=16 (full 4):
 PSYoungGen      total 683008K, used 0K [0x000000076ab00000, 0x000000079f180000, 0x00000007c0000000)
  eden space 654848K, 0% used [0x000000076ab00000,0x000000076ab00000,0x0000000792a80000)
  from space 28160K, 0% used [0x0000000795680000,0x0000000795680000,0x0000000797200000)
  to   space 45056K, 0% used [0x0000000792a80000,0x0000000792a80000,0x0000000795680000)
 ParOldGen       total 265728K, used 91826K [0x00000006c0000000, 0x00000006d0380000, 0x000000076ab00000)
  object space 265728K, 34% used [0x00000006c0000000,0x00000006c59acb38,0x00000006d0380000)
 Metaspace       used 94585K, capacity 98221K, committed 98380K, reserved 1136640K
  class space    used 11073K, capacity 11897K, committed 11904K, reserved 1048576K
}
Event: 169.907 GC heap before
{Heap before GC invocations=17 (full 4):
 PSYoungGen      total 683008K, used 354701K [0x000000076ab00000, 0x000000079f180000, 0x00000007c0000000)
  eden space 654848K, 54% used [0x000000076ab00000,0x0000000780563448,0x0000000792a80000)
  from space 28160K, 0% used [0x0000000795680000,0x0000000795680000,0x0000000797200000)
  to   space 45056K, 0% used [0x0000000792a80000,0x0000000792a80000,0x0000000795680000)
 ParOldGen       total 265728K, used 91826K [0x00000006c0000000, 0x00000006d0380000, 0x000000076ab00000)
  object space 265728K, 34% used [0x00000006c0000000,0x00000006c59acb38,0x00000006d0380000)
 Metaspace       used 160044K, capacity 163705K, committed 163968K, reserved 1198080K
  class space    used 14457K, capacity 15291K, committed 15360K, reserved 1048576K
Event: 169.942 GC heap after
Heap after GC invocations=17 (full 4):
 PSYoungGen      total 699904K, used 45045K [0x000000076ab00000, 0x00000007a0580000, 0x00000007c0000000)
  eden space 654848K, 0% used [0x000000076ab00000,0x000000076ab00000,0x0000000792a80000)
  from space 45056K, 99% used [0x0000000792a80000,0x000000079567d570,0x0000000795680000)
  to   space 56832K, 0% used [0x000000079ce00000,0x000000079ce00000,0x00000007a0580000)
 ParOldGen       total 265728K, used 105045K [0x00000006c0000000, 0x00000006d0380000, 0x000000076ab00000)
  object space 265728K, 39% used [0x00000006c0000000,0x00000006c66954c0,0x00000006d0380000)
 Metaspace       used 160044K, capacity 163705K, committed 163968K, reserved 1198080K
  class space    used 14457K, capacity 15291K, committed 15360K, reserved 1048576K
}
Event: 169.942 GC heap before
{Heap before GC invocations=18 (full 5):
 PSYoungGen      total 699904K, used 45045K [0x000000076ab00000, 0x00000007a0580000, 0x00000007c0000000)
  eden space 654848K, 0% used [0x000000076ab00000,0x000000076ab00000,0x0000000792a80000)
  from space 45056K, 99% used [0x0000000792a80000,0x000000079567d570,0x0000000795680000)
  to   space 56832K, 0% used [0x000000079ce00000,0x000000079ce00000,0x00000007a0580000)
 ParOldGen       total 265728K, used 105045K [0x00000006c0000000, 0x00000006d0380000, 0x000000076ab00000)
  object space 265728K, 39% used [0x00000006c0000000,0x00000006c66954c0,0x00000006d0380000)
 Metaspace       used 160044K, capacity 163705K, committed 163968K, reserved 1198080K
  class space    used 14457K, capacity 15291K, committed 15360K, reserved 1048576K

